<?xml version="1.0" encoding="UTF-8"?>
<coverage generated="1709671699019" clover="3.2.0">
  <project timestamp="1709671699019" name="All files">
    <metrics statements="48" coveredstatements="41" conditionals="32" coveredconditionals="25" methods="10" coveredmethods="9" elements="90" coveredelements="75" complexity="0" loc="48" ncloc="48" packages="1" files="1" classes="1"/>
    <file name="index.js" path="/home/delroybarnies99/repos/Battleship/src/index.js">
      <metrics statements="48" coveredstatements="41" conditionals="32" coveredconditionals="25" methods="10" coveredmethods="9"/>
      <line num="3" count="9" type="stmt"/>
      <line num="4" count="9" type="stmt"/>
      <line num="5" count="9" type="stmt"/>
      <line num="6" count="9" type="stmt"/>
      <line num="10" count="11" type="stmt"/>
      <line num="11" count="11" type="stmt"/>
      <line num="15" count="11" type="cond" truecount="2" falsecount="0"/>
      <line num="21" count="7" type="stmt"/>
      <line num="22" count="7" type="stmt"/>
      <line num="26" count="7" type="stmt"/>
      <line num="27" count="7" type="stmt"/>
      <line num="28" count="70" type="stmt"/>
      <line num="29" count="700" type="stmt"/>
      <line num="35" count="7" type="stmt"/>
      <line num="36" count="7" type="stmt"/>
      <line num="39" count="7" type="cond" truecount="4" falsecount="0"/>
      <line num="40" count="4" type="stmt"/>
      <line num="41" count="10" type="stmt"/>
      <line num="42" count="10" type="stmt"/>
      <line num="44" count="3" type="cond" truecount="2" falsecount="2"/>
      <line num="45" count="0" type="stmt"/>
      <line num="46" count="0" type="stmt"/>
      <line num="47" count="0" type="stmt"/>
      <line num="49" count="3" type="cond" truecount="3" falsecount="1"/>
      <line num="50" count="3" type="stmt"/>
      <line num="51" count="15" type="stmt"/>
      <line num="52" count="15" type="stmt"/>
      <line num="54" count="0" type="cond" truecount="0" falsecount="4"/>
      <line num="55" count="0" type="stmt"/>
      <line num="56" count="0" type="stmt"/>
      <line num="57" count="0" type="stmt"/>
      <line num="60" count="7" type="stmt"/>
      <line num="61" count="7" type="stmt"/>
      <line num="62" count="7" type="stmt"/>
      <line num="66" count="8" type="stmt"/>
      <line num="67" count="8" type="stmt"/>
      <line num="68" count="29" type="stmt"/>
      <line num="69" count="29" type="cond" truecount="4" falsecount="0"/>
      <line num="70" count="8" type="stmt"/>
      <line num="74" count="8" type="stmt"/>
      <line num="75" count="800" type="cond" truecount="4" falsecount="0"/>
      <line num="76" count="8" type="stmt"/>
      <line num="77" count="8" type="stmt"/>
      <line num="83" count="2" type="stmt"/>
      <line num="84" count="2" type="cond" truecount="2" falsecount="0"/>
      <line num="85" count="1" type="stmt"/>
      <line num="88" count="1" type="stmt"/>
      <line num="98" count="1" type="stmt"/>
    </file>
  </project>
</coverage>
