{"C:\\Users\\delro\\repos\\Battleship\\src\\index.js": {"path":"C:\\Users\\delro\\repos\\Battleship\\src\\index.js","statementMap":{"0":{"start":{"line":7,"column":8},"end":{"line":7,"column":39}},"1":{"start":{"line":8,"column":8},"end":{"line":8,"column":29}},"2":{"start":{"line":9,"column":8},"end":{"line":9,"column":33}},"3":{"start":{"line":10,"column":8},"end":{"line":10,"column":25}},"4":{"start":{"line":14,"column":8},"end":{"line":14,"column":24}},"5":{"start":{"line":15,"column":8},"end":{"line":15,"column":23}},"6":{"start":{"line":19,"column":8},"end":{"line":19,"column":59}},"7":{"start":{"line":19,"column":42},"end":{"line":19,"column":59}},"8":{"start":{"line":25,"column":8},"end":{"line":25,"column":24}},"9":{"start":{"line":26,"column":8},"end":{"line":26,"column":24}},"10":{"start":{"line":30,"column":20},"end":{"line":30,"column":50}},"11":{"start":{"line":31,"column":8},"end":{"line":35,"column":9}},"12":{"start":{"line":31,"column":21},"end":{"line":31,"column":22}},"13":{"start":{"line":32,"column":12},"end":{"line":34,"column":13}},"14":{"start":{"line":32,"column":25},"end":{"line":32,"column":26}},"15":{"start":{"line":33,"column":16},"end":{"line":33,"column":40}},"16":{"start":{"line":39,"column":26},"end":{"line":39,"column":28}},"17":{"start":{"line":40,"column":21},"end":{"line":40,"column":22}},"18":{"start":{"line":43,"column":8},"end":{"line":63,"column":9}},"19":{"start":{"line":44,"column":12},"end":{"line":47,"column":13}},"20":{"start":{"line":44,"column":25},"end":{"line":44,"column":29}},"21":{"start":{"line":45,"column":16},"end":{"line":45,"column":25}},"22":{"start":{"line":46,"column":16},"end":{"line":46,"column":43}},"23":{"start":{"line":48,"column":15},"end":{"line":63,"column":9}},"24":{"start":{"line":49,"column":12},"end":{"line":52,"column":13}},"25":{"start":{"line":49,"column":25},"end":{"line":49,"column":29}},"26":{"start":{"line":50,"column":16},"end":{"line":50,"column":25}},"27":{"start":{"line":51,"column":16},"end":{"line":51,"column":43}},"28":{"start":{"line":53,"column":15},"end":{"line":63,"column":9}},"29":{"start":{"line":54,"column":12},"end":{"line":57,"column":13}},"30":{"start":{"line":54,"column":25},"end":{"line":54,"column":29}},"31":{"start":{"line":55,"column":16},"end":{"line":55,"column":25}},"32":{"start":{"line":56,"column":16},"end":{"line":56,"column":43}},"33":{"start":{"line":58,"column":15},"end":{"line":63,"column":9}},"34":{"start":{"line":59,"column":12},"end":{"line":62,"column":13}},"35":{"start":{"line":59,"column":25},"end":{"line":59,"column":29}},"36":{"start":{"line":60,"column":16},"end":{"line":60,"column":25}},"37":{"start":{"line":61,"column":16},"end":{"line":61,"column":43}},"38":{"start":{"line":64,"column":19},"end":{"line":64,"column":48}},"39":{"start":{"line":65,"column":8},"end":{"line":65,"column":30}},"40":{"start":{"line":66,"column":8},"end":{"line":66,"column":27}},"41":{"start":{"line":70,"column":24},"end":{"line":70,"column":37}},"42":{"start":{"line":71,"column":8},"end":{"line":76,"column":11}},"43":{"start":{"line":72,"column":12},"end":{"line":75,"column":13}},"44":{"start":{"line":73,"column":16},"end":{"line":73,"column":31}},"45":{"start":{"line":74,"column":16},"end":{"line":74,"column":31}},"46":{"start":{"line":77,"column":8},"end":{"line":88,"column":9}},"47":{"start":{"line":77,"column":21},"end":{"line":77,"column":22}},"48":{"start":{"line":78,"column":30},"end":{"line":78,"column":43}},"49":{"start":{"line":79,"column":12},"end":{"line":87,"column":13}},"50":{"start":{"line":79,"column":25},"end":{"line":79,"column":26}},"51":{"start":{"line":80,"column":16},"end":{"line":86,"column":17}},"52":{"start":{"line":81,"column":20},"end":{"line":81,"column":38}},"53":{"start":{"line":82,"column":20},"end":{"line":84,"column":21}},"54":{"start":{"line":83,"column":24},"end":{"line":83,"column":48}},"55":{"start":{"line":85,"column":20},"end":{"line":85,"column":44}},"56":{"start":{"line":89,"column":8},"end":{"line":89,"column":25}},"57":{"start":{"line":93,"column":8},"end":{"line":93,"column":54}},"58":{"start":{"line":99,"column":8},"end":{"line":99,"column":41}},"59":{"start":{"line":100,"column":8},"end":{"line":100,"column":30}},"60":{"start":{"line":101,"column":8},"end":{"line":101,"column":31}},"61":{"start":{"line":107,"column":8},"end":{"line":107,"column":41}},"62":{"start":{"line":108,"column":8},"end":{"line":108,"column":30}},"63":{"start":{"line":109,"column":8},"end":{"line":109,"column":31}},"64":{"start":{"line":114,"column":19},"end":{"line":114,"column":31}},"65":{"start":{"line":115,"column":21},"end":{"line":115,"column":35}},"66":{"start":{"line":117,"column":4},"end":{"line":117,"column":39}},"67":{"start":{"line":118,"column":4},"end":{"line":118,"column":41}},"68":{"start":{"line":120,"column":4},"end":{"line":120,"column":49}},"69":{"start":{"line":121,"column":4},"end":{"line":121,"column":49}},"70":{"start":{"line":122,"column":4},"end":{"line":122,"column":49}},"71":{"start":{"line":123,"column":4},"end":{"line":123,"column":49}},"72":{"start":{"line":125,"column":4},"end":{"line":125,"column":45}},"73":{"start":{"line":126,"column":4},"end":{"line":126,"column":45}},"74":{"start":{"line":127,"column":4},"end":{"line":127,"column":45}},"75":{"start":{"line":128,"column":4},"end":{"line":128,"column":45}},"76":{"start":{"line":130,"column":4},"end":{"line":132,"column":5}},"77":{"start":{"line":131,"column":8},"end":{"line":131,"column":47}},"78":{"start":{"line":135,"column":0},"end":{"line":135,"column":62}}},"fnMap":{"0":{"name":"(anonymous_0)","decl":{"start":{"line":6,"column":4},"end":{"line":6,"column":5}},"loc":{"start":{"line":6,"column":74},"end":{"line":11,"column":5}},"line":6},"1":{"name":"(anonymous_1)","decl":{"start":{"line":13,"column":4},"end":{"line":13,"column":5}},"loc":{"start":{"line":13,"column":10},"end":{"line":16,"column":5}},"line":13},"2":{"name":"(anonymous_2)","decl":{"start":{"line":18,"column":4},"end":{"line":18,"column":5}},"loc":{"start":{"line":18,"column":14},"end":{"line":20,"column":5}},"line":18},"3":{"name":"(anonymous_3)","decl":{"start":{"line":24,"column":4},"end":{"line":24,"column":5}},"loc":{"start":{"line":24,"column":18},"end":{"line":27,"column":5}},"line":24},"4":{"name":"(anonymous_4)","decl":{"start":{"line":29,"column":4},"end":{"line":29,"column":5}},"loc":{"start":{"line":29,"column":22},"end":{"line":36,"column":5}},"line":29},"5":{"name":"(anonymous_5)","decl":{"start":{"line":38,"column":4},"end":{"line":38,"column":5}},"loc":{"start":{"line":38,"column":20},"end":{"line":67,"column":5}},"line":38},"6":{"name":"(anonymous_6)","decl":{"start":{"line":69,"column":4},"end":{"line":69,"column":5}},"loc":{"start":{"line":69,"column":24},"end":{"line":90,"column":5}},"line":69},"7":{"name":"(anonymous_7)","decl":{"start":{"line":71,"column":27},"end":{"line":71,"column":28}},"loc":{"start":{"line":71,"column":36},"end":{"line":76,"column":9}},"line":71},"8":{"name":"(anonymous_8)","decl":{"start":{"line":92,"column":4},"end":{"line":92,"column":5}},"loc":{"start":{"line":92,"column":19},"end":{"line":94,"column":5}},"line":92},"9":{"name":"(anonymous_9)","decl":{"start":{"line":98,"column":4},"end":{"line":98,"column":5}},"loc":{"start":{"line":98,"column":18},"end":{"line":102,"column":5}},"line":98},"10":{"name":"(anonymous_10)","decl":{"start":{"line":106,"column":4},"end":{"line":106,"column":5}},"loc":{"start":{"line":106,"column":18},"end":{"line":110,"column":5}},"line":106},"11":{"name":"start","decl":{"start":{"line":113,"column":9},"end":{"line":113,"column":14}},"loc":{"start":{"line":113,"column":17},"end":{"line":133,"column":1}},"line":113}},"branchMap":{"0":{"loc":{"start":{"line":6,"column":16},"end":{"line":6,"column":32}},"type":"default-arg","locations":[{"start":{"line":6,"column":30},"end":{"line":6,"column":32}}],"line":6},"1":{"loc":{"start":{"line":6,"column":34},"end":{"line":6,"column":44}},"type":"default-arg","locations":[{"start":{"line":6,"column":43},"end":{"line":6,"column":44}}],"line":6},"2":{"loc":{"start":{"line":6,"column":46},"end":{"line":6,"column":58}},"type":"default-arg","locations":[{"start":{"line":6,"column":57},"end":{"line":6,"column":58}}],"line":6},"3":{"loc":{"start":{"line":6,"column":60},"end":{"line":6,"column":72}},"type":"default-arg","locations":[{"start":{"line":6,"column":67},"end":{"line":6,"column":72}}],"line":6},"4":{"loc":{"start":{"line":19,"column":8},"end":{"line":19,"column":59}},"type":"if","locations":[{"start":{"line":19,"column":8},"end":{"line":19,"column":59}},{"start":{},"end":{}}],"line":19},"5":{"loc":{"start":{"line":43,"column":8},"end":{"line":63,"column":9}},"type":"if","locations":[{"start":{"line":43,"column":8},"end":{"line":63,"column":9}},{"start":{"line":48,"column":15},"end":{"line":63,"column":9}}],"line":43},"6":{"loc":{"start":{"line":43,"column":12},"end":{"line":43,"column":40}},"type":"binary-expr","locations":[{"start":{"line":43,"column":12},"end":{"line":43,"column":25}},{"start":{"line":43,"column":29},"end":{"line":43,"column":40}}],"line":43},"7":{"loc":{"start":{"line":48,"column":15},"end":{"line":63,"column":9}},"type":"if","locations":[{"start":{"line":48,"column":15},"end":{"line":63,"column":9}},{"start":{"line":53,"column":15},"end":{"line":63,"column":9}}],"line":48},"8":{"loc":{"start":{"line":48,"column":19},"end":{"line":48,"column":47}},"type":"binary-expr","locations":[{"start":{"line":48,"column":19},"end":{"line":48,"column":32}},{"start":{"line":48,"column":36},"end":{"line":48,"column":47}}],"line":48},"9":{"loc":{"start":{"line":53,"column":15},"end":{"line":63,"column":9}},"type":"if","locations":[{"start":{"line":53,"column":15},"end":{"line":63,"column":9}},{"start":{"line":58,"column":15},"end":{"line":63,"column":9}}],"line":53},"10":{"loc":{"start":{"line":53,"column":19},"end":{"line":53,"column":47}},"type":"binary-expr","locations":[{"start":{"line":53,"column":19},"end":{"line":53,"column":32}},{"start":{"line":53,"column":36},"end":{"line":53,"column":47}}],"line":53},"11":{"loc":{"start":{"line":58,"column":15},"end":{"line":63,"column":9}},"type":"if","locations":[{"start":{"line":58,"column":15},"end":{"line":63,"column":9}},{"start":{},"end":{}}],"line":58},"12":{"loc":{"start":{"line":58,"column":19},"end":{"line":58,"column":47}},"type":"binary-expr","locations":[{"start":{"line":58,"column":19},"end":{"line":58,"column":32}},{"start":{"line":58,"column":36},"end":{"line":58,"column":47}}],"line":58},"13":{"loc":{"start":{"line":72,"column":12},"end":{"line":75,"column":13}},"type":"if","locations":[{"start":{"line":72,"column":12},"end":{"line":75,"column":13}},{"start":{},"end":{}}],"line":72},"14":{"loc":{"start":{"line":72,"column":16},"end":{"line":72,"column":60}},"type":"binary-expr","locations":[{"start":{"line":72,"column":16},"end":{"line":72,"column":36}},{"start":{"line":72,"column":40},"end":{"line":72,"column":60}}],"line":72},"15":{"loc":{"start":{"line":80,"column":16},"end":{"line":86,"column":17}},"type":"if","locations":[{"start":{"line":80,"column":16},"end":{"line":86,"column":17}},{"start":{},"end":{}}],"line":80},"16":{"loc":{"start":{"line":80,"column":20},"end":{"line":80,"column":106}},"type":"binary-expr","locations":[{"start":{"line":80,"column":20},"end":{"line":80,"column":61}},{"start":{"line":80,"column":65},"end":{"line":80,"column":106}}],"line":80},"17":{"loc":{"start":{"line":82,"column":20},"end":{"line":84,"column":21}},"type":"if","locations":[{"start":{"line":82,"column":20},"end":{"line":84,"column":21}},{"start":{},"end":{}}],"line":82},"18":{"loc":{"start":{"line":93,"column":15},"end":{"line":93,"column":53}},"type":"cond-expr","locations":[{"start":{"line":93,"column":41},"end":{"line":93,"column":46}},{"start":{"line":93,"column":49},"end":{"line":93,"column":53}}],"line":93},"19":{"loc":{"start":{"line":130,"column":4},"end":{"line":132,"column":5}},"type":"if","locations":[{"start":{"line":130,"column":4},"end":{"line":132,"column":5}},{"start":{},"end":{}}],"line":130}},"s":{"0":13,"1":13,"2":13,"3":13,"4":16,"5":16,"6":16,"7":5,"8":9,"9":9,"10":9,"11":9,"12":9,"13":90,"14":90,"15":900,"16":11,"17":11,"18":11,"19":4,"20":4,"21":10,"22":10,"23":7,"24":0,"25":0,"26":0,"27":0,"28":7,"29":7,"30":7,"31":35,"32":35,"33":0,"34":0,"35":0,"36":0,"37":0,"38":11,"39":11,"40":11,"41":13,"42":13,"43":1300,"44":13,"45":13,"46":13,"47":13,"48":27,"49":27,"50":27,"51":124,"52":13,"53":13,"54":2,"55":13,"56":13,"57":2,"58":1,"59":1,"60":1,"61":1,"62":1,"63":1,"64":1,"65":1,"66":1,"67":1,"68":1,"69":1,"70":1,"71":1,"72":1,"73":1,"74":1,"75":1,"76":1,"77":1,"78":1},"f":{"0":13,"1":16,"2":16,"3":9,"4":9,"5":11,"6":13,"7":1300,"8":2,"9":1,"10":1,"11":1},"b":{"0":[2],"1":[2],"2":[13],"3":[13],"4":[5,11],"5":[4,7],"6":[11,4],"7":[0,7],"8":[7,0],"9":[7,0],"10":[7,7],"11":[0,0],"12":[0,0],"13":[13,1287],"14":[1300,129],"15":[13,111],"16":[124,32],"17":[2,11],"18":[1,1],"19":[1,0]},"_coverageSchema":"1a1c01bbd47fc00a2c39e90264f33305004495a9","hash":"b3406de1cb3893b32d3cdf39a91a898667ec8d19"}
}
