{"/home/delroybarnies99/repos/Battleship/src/index.js": {"path":"/home/delroybarnies99/repos/Battleship/src/index.js","statementMap":{"0":{"start":{"line":3,"column":8},"end":{"line":3,"column":39}},"1":{"start":{"line":4,"column":8},"end":{"line":4,"column":29}},"2":{"start":{"line":5,"column":8},"end":{"line":5,"column":33}},"3":{"start":{"line":6,"column":8},"end":{"line":6,"column":25}},"4":{"start":{"line":10,"column":8},"end":{"line":10,"column":24}},"5":{"start":{"line":11,"column":8},"end":{"line":11,"column":23}},"6":{"start":{"line":15,"column":8},"end":{"line":15,"column":59}},"7":{"start":{"line":15,"column":42},"end":{"line":15,"column":59}},"8":{"start":{"line":21,"column":8},"end":{"line":21,"column":24}},"9":{"start":{"line":22,"column":8},"end":{"line":22,"column":24}},"10":{"start":{"line":26,"column":20},"end":{"line":26,"column":50}},"11":{"start":{"line":27,"column":8},"end":{"line":31,"column":9}},"12":{"start":{"line":27,"column":21},"end":{"line":27,"column":22}},"13":{"start":{"line":28,"column":12},"end":{"line":30,"column":13}},"14":{"start":{"line":28,"column":25},"end":{"line":28,"column":26}},"15":{"start":{"line":29,"column":16},"end":{"line":29,"column":40}},"16":{"start":{"line":35,"column":26},"end":{"line":35,"column":28}},"17":{"start":{"line":36,"column":21},"end":{"line":36,"column":22}},"18":{"start":{"line":39,"column":8},"end":{"line":59,"column":9}},"19":{"start":{"line":40,"column":12},"end":{"line":43,"column":13}},"20":{"start":{"line":40,"column":25},"end":{"line":40,"column":29}},"21":{"start":{"line":41,"column":16},"end":{"line":41,"column":25}},"22":{"start":{"line":42,"column":16},"end":{"line":42,"column":43}},"23":{"start":{"line":44,"column":15},"end":{"line":59,"column":9}},"24":{"start":{"line":45,"column":12},"end":{"line":48,"column":13}},"25":{"start":{"line":45,"column":25},"end":{"line":45,"column":29}},"26":{"start":{"line":46,"column":16},"end":{"line":46,"column":25}},"27":{"start":{"line":47,"column":16},"end":{"line":47,"column":43}},"28":{"start":{"line":49,"column":15},"end":{"line":59,"column":9}},"29":{"start":{"line":50,"column":12},"end":{"line":53,"column":13}},"30":{"start":{"line":50,"column":25},"end":{"line":50,"column":29}},"31":{"start":{"line":51,"column":16},"end":{"line":51,"column":25}},"32":{"start":{"line":52,"column":16},"end":{"line":52,"column":43}},"33":{"start":{"line":54,"column":15},"end":{"line":59,"column":9}},"34":{"start":{"line":55,"column":12},"end":{"line":58,"column":13}},"35":{"start":{"line":55,"column":25},"end":{"line":55,"column":29}},"36":{"start":{"line":56,"column":16},"end":{"line":56,"column":25}},"37":{"start":{"line":57,"column":16},"end":{"line":57,"column":43}},"38":{"start":{"line":60,"column":19},"end":{"line":60,"column":48}},"39":{"start":{"line":61,"column":8},"end":{"line":61,"column":30}},"40":{"start":{"line":62,"column":8},"end":{"line":62,"column":27}},"41":{"start":{"line":66,"column":8},"end":{"line":73,"column":9}},"42":{"start":{"line":66,"column":21},"end":{"line":66,"column":22}},"43":{"start":{"line":67,"column":12},"end":{"line":72,"column":13}},"44":{"start":{"line":67,"column":25},"end":{"line":67,"column":26}},"45":{"start":{"line":68,"column":34},"end":{"line":68,"column":47}},"46":{"start":{"line":69,"column":16},"end":{"line":71,"column":17}},"47":{"start":{"line":70,"column":20},"end":{"line":70,"column":40}},"48":{"start":{"line":74,"column":8},"end":{"line":79,"column":11}},"49":{"start":{"line":75,"column":12},"end":{"line":78,"column":13}},"50":{"start":{"line":76,"column":16},"end":{"line":76,"column":31}},"51":{"start":{"line":77,"column":16},"end":{"line":77,"column":31}},"52":{"start":{"line":83,"column":8},"end":{"line":87,"column":9}},"53":{"start":{"line":83,"column":21},"end":{"line":83,"column":22}},"54":{"start":{"line":84,"column":12},"end":{"line":86,"column":13}},"55":{"start":{"line":85,"column":16},"end":{"line":85,"column":28}},"56":{"start":{"line":88,"column":8},"end":{"line":88,"column":21}},"57":{"start":{"line":98,"column":0},"end":{"line":98,"column":37}}},"fnMap":{"0":{"name":"(anonymous_0)","decl":{"start":{"line":2,"column":4},"end":{"line":2,"column":5}},"loc":{"start":{"line":2,"column":74},"end":{"line":7,"column":5}},"line":2},"1":{"name":"(anonymous_1)","decl":{"start":{"line":9,"column":4},"end":{"line":9,"column":5}},"loc":{"start":{"line":9,"column":10},"end":{"line":12,"column":5}},"line":9},"2":{"name":"(anonymous_2)","decl":{"start":{"line":14,"column":4},"end":{"line":14,"column":5}},"loc":{"start":{"line":14,"column":14},"end":{"line":16,"column":5}},"line":14},"3":{"name":"(anonymous_3)","decl":{"start":{"line":20,"column":4},"end":{"line":20,"column":5}},"loc":{"start":{"line":20,"column":18},"end":{"line":23,"column":5}},"line":20},"4":{"name":"(anonymous_4)","decl":{"start":{"line":25,"column":4},"end":{"line":25,"column":5}},"loc":{"start":{"line":25,"column":22},"end":{"line":32,"column":5}},"line":25},"5":{"name":"(anonymous_5)","decl":{"start":{"line":34,"column":4},"end":{"line":34,"column":5}},"loc":{"start":{"line":34,"column":20},"end":{"line":63,"column":5}},"line":34},"6":{"name":"(anonymous_6)","decl":{"start":{"line":65,"column":4},"end":{"line":65,"column":5}},"loc":{"start":{"line":65,"column":24},"end":{"line":80,"column":5}},"line":65},"7":{"name":"(anonymous_7)","decl":{"start":{"line":74,"column":27},"end":{"line":74,"column":28}},"loc":{"start":{"line":74,"column":36},"end":{"line":79,"column":9}},"line":74},"8":{"name":"(anonymous_8)","decl":{"start":{"line":82,"column":4},"end":{"line":82,"column":5}},"loc":{"start":{"line":82,"column":19},"end":{"line":89,"column":5}},"line":82},"9":{"name":"(anonymous_9)","decl":{"start":{"line":93,"column":4},"end":{"line":93,"column":5}},"loc":{"start":{"line":93,"column":18},"end":{"line":95,"column":5}},"line":93}},"branchMap":{"0":{"loc":{"start":{"line":2,"column":16},"end":{"line":2,"column":32}},"type":"default-arg","locations":[{"start":{"line":2,"column":30},"end":{"line":2,"column":32}}],"line":2},"1":{"loc":{"start":{"line":2,"column":34},"end":{"line":2,"column":44}},"type":"default-arg","locations":[{"start":{"line":2,"column":43},"end":{"line":2,"column":44}}],"line":2},"2":{"loc":{"start":{"line":2,"column":46},"end":{"line":2,"column":58}},"type":"default-arg","locations":[{"start":{"line":2,"column":57},"end":{"line":2,"column":58}}],"line":2},"3":{"loc":{"start":{"line":2,"column":60},"end":{"line":2,"column":72}},"type":"default-arg","locations":[{"start":{"line":2,"column":67},"end":{"line":2,"column":72}}],"line":2},"4":{"loc":{"start":{"line":15,"column":8},"end":{"line":15,"column":59}},"type":"if","locations":[{"start":{"line":15,"column":8},"end":{"line":15,"column":59}},{"start":{},"end":{}}],"line":15},"5":{"loc":{"start":{"line":39,"column":8},"end":{"line":59,"column":9}},"type":"if","locations":[{"start":{"line":39,"column":8},"end":{"line":59,"column":9}},{"start":{"line":44,"column":15},"end":{"line":59,"column":9}}],"line":39},"6":{"loc":{"start":{"line":39,"column":12},"end":{"line":39,"column":40}},"type":"binary-expr","locations":[{"start":{"line":39,"column":12},"end":{"line":39,"column":25}},{"start":{"line":39,"column":29},"end":{"line":39,"column":40}}],"line":39},"7":{"loc":{"start":{"line":44,"column":15},"end":{"line":59,"column":9}},"type":"if","locations":[{"start":{"line":44,"column":15},"end":{"line":59,"column":9}},{"start":{"line":49,"column":15},"end":{"line":59,"column":9}}],"line":44},"8":{"loc":{"start":{"line":44,"column":19},"end":{"line":44,"column":47}},"type":"binary-expr","locations":[{"start":{"line":44,"column":19},"end":{"line":44,"column":32}},{"start":{"line":44,"column":36},"end":{"line":44,"column":47}}],"line":44},"9":{"loc":{"start":{"line":49,"column":15},"end":{"line":59,"column":9}},"type":"if","locations":[{"start":{"line":49,"column":15},"end":{"line":59,"column":9}},{"start":{"line":54,"column":15},"end":{"line":59,"column":9}}],"line":49},"10":{"loc":{"start":{"line":49,"column":19},"end":{"line":49,"column":47}},"type":"binary-expr","locations":[{"start":{"line":49,"column":19},"end":{"line":49,"column":32}},{"start":{"line":49,"column":36},"end":{"line":49,"column":47}}],"line":49},"11":{"loc":{"start":{"line":54,"column":15},"end":{"line":59,"column":9}},"type":"if","locations":[{"start":{"line":54,"column":15},"end":{"line":59,"column":9}},{"start":{},"end":{}}],"line":54},"12":{"loc":{"start":{"line":54,"column":19},"end":{"line":54,"column":47}},"type":"binary-expr","locations":[{"start":{"line":54,"column":19},"end":{"line":54,"column":32}},{"start":{"line":54,"column":36},"end":{"line":54,"column":47}}],"line":54},"13":{"loc":{"start":{"line":69,"column":16},"end":{"line":71,"column":17}},"type":"if","locations":[{"start":{"line":69,"column":16},"end":{"line":71,"column":17}},{"start":{},"end":{}}],"line":69},"14":{"loc":{"start":{"line":69,"column":20},"end":{"line":69,"column":106}},"type":"binary-expr","locations":[{"start":{"line":69,"column":20},"end":{"line":69,"column":61}},{"start":{"line":69,"column":65},"end":{"line":69,"column":106}}],"line":69},"15":{"loc":{"start":{"line":75,"column":12},"end":{"line":78,"column":13}},"type":"if","locations":[{"start":{"line":75,"column":12},"end":{"line":78,"column":13}},{"start":{},"end":{}}],"line":75},"16":{"loc":{"start":{"line":75,"column":16},"end":{"line":75,"column":60}},"type":"binary-expr","locations":[{"start":{"line":75,"column":16},"end":{"line":75,"column":36}},{"start":{"line":75,"column":40},"end":{"line":75,"column":60}}],"line":75},"17":{"loc":{"start":{"line":84,"column":12},"end":{"line":86,"column":13}},"type":"if","locations":[{"start":{"line":84,"column":12},"end":{"line":86,"column":13}},{"start":{},"end":{}}],"line":84}},"s":{"0":9,"1":9,"2":9,"3":9,"4":11,"5":11,"6":11,"7":4,"8":7,"9":7,"10":7,"11":7,"12":7,"13":70,"14":70,"15":700,"16":7,"17":7,"18":7,"19":4,"20":4,"21":10,"22":10,"23":3,"24":0,"25":0,"26":0,"27":0,"28":3,"29":3,"30":3,"31":15,"32":15,"33":0,"34":0,"35":0,"36":0,"37":0,"38":7,"39":7,"40":7,"41":8,"42":8,"43":8,"44":8,"45":29,"46":29,"47":8,"48":8,"49":800,"50":8,"51":8,"52":2,"53":2,"54":2,"55":1,"56":1,"57":1},"f":{"0":9,"1":11,"2":11,"3":7,"4":7,"5":7,"6":8,"7":800,"8":2,"9":0},"b":{"0":[2],"1":[2],"2":[9],"3":[9],"4":[4,7],"5":[4,3],"6":[7,4],"7":[0,3],"8":[3,0],"9":[3,0],"10":[3,3],"11":[0,0],"12":[0,0],"13":[8,21],"14":[29,13],"15":[8,792],"16":[800,79],"17":[1,1]},"_coverageSchema":"1a1c01bbd47fc00a2c39e90264f33305004495a9","hash":"ec192b2106d37d6d13c89ce0f40de053cc433532"}
}
