TN:
SF:src/index.js
FN:2,(anonymous_0)
FN:9,(anonymous_1)
FN:14,(anonymous_2)
FN:20,(anonymous_3)
FN:25,(anonymous_4)
FN:34,(anonymous_5)
FN:65,(anonymous_6)
FN:74,(anonymous_7)
FN:82,(anonymous_8)
FN:93,(anonymous_9)
FNF:10
FNH:9
FNDA:9,(anonymous_0)
FNDA:11,(anonymous_1)
FNDA:11,(anonymous_2)
FNDA:7,(anonymous_3)
FNDA:7,(anonymous_4)
FNDA:7,(anonymous_5)
FNDA:8,(anonymous_6)
FNDA:800,(anonymous_7)
FNDA:2,(anonymous_8)
FNDA:0,(anonymous_9)
DA:3,9
DA:4,9
DA:5,9
DA:6,9
DA:10,11
DA:11,11
DA:15,11
DA:21,7
DA:22,7
DA:26,7
DA:27,7
DA:28,70
DA:29,700
DA:35,7
DA:36,7
DA:39,7
DA:40,4
DA:41,10
DA:42,10
DA:44,3
DA:45,0
DA:46,0
DA:47,0
DA:49,3
DA:50,3
DA:51,15
DA:52,15
DA:54,0
DA:55,0
DA:56,0
DA:57,0
DA:60,7
DA:61,7
DA:62,7
DA:66,8
DA:67,8
DA:68,29
DA:69,29
DA:70,8
DA:74,8
DA:75,800
DA:76,8
DA:77,8
DA:83,2
DA:84,2
DA:85,1
DA:88,1
DA:98,1
LF:48
LH:41
BRDA:2,0,0,2
BRDA:2,1,0,2
BRDA:2,2,0,9
BRDA:2,3,0,9
BRDA:15,4,0,4
BRDA:15,4,1,7
BRDA:39,5,0,4
BRDA:39,5,1,3
BRDA:39,6,0,7
BRDA:39,6,1,4
BRDA:44,7,0,0
BRDA:44,7,1,3
BRDA:44,8,0,3
BRDA:44,8,1,0
BRDA:49,9,0,3
BRDA:49,9,1,0
BRDA:49,10,0,3
BRDA:49,10,1,3
BRDA:54,11,0,0
BRDA:54,11,1,0
BRDA:54,12,0,0
BRDA:54,12,1,0
BRDA:69,13,0,8
BRDA:69,13,1,21
BRDA:69,14,0,29
BRDA:69,14,1,13
BRDA:75,15,0,8
BRDA:75,15,1,792
BRDA:75,16,0,800
BRDA:75,16,1,79
BRDA:84,17,0,1
BRDA:84,17,1,1
BRF:32
BRH:25
end_of_record
