TN:
SF:src\modules\gameboard.js
FN:4,(anonymous_0)
FN:11,(anonymous_1)
FN:20,(anonymous_2)
FN:26,(anonymous_3)
FN:61,(anonymous_4)
FN:63,(anonymous_5)
FN:85,(anonymous_6)
FN:89,(anonymous_7)
FN:92,(anonymous_8)
FN:124,(anonymous_9)
FN:129,(anonymous_10)
FN:131,(anonymous_11)
FN:132,(anonymous_12)
FN:139,(anonymous_13)
FN:145,(anonymous_14)
FNF:15
FNH:6
FNDA:7,(anonymous_0)
FNDA:7,(anonymous_1)
FNDA:0,(anonymous_2)
FNDA:7,(anonymous_3)
FNDA:8,(anonymous_4)
FNDA:800,(anonymous_5)
FNDA:2,(anonymous_6)
FNDA:0,(anonymous_7)
FNDA:0,(anonymous_8)
FNDA:0,(anonymous_9)
FNDA:0,(anonymous_10)
FNDA:0,(anonymous_11)
FNDA:0,(anonymous_12)
FNDA:0,(anonymous_13)
FNDA:0,(anonymous_14)
DA:5,7
DA:6,7
DA:7,7
DA:8,7
DA:12,7
DA:13,7
DA:14,70
DA:15,700
DA:21,0
DA:22,0
DA:23,0
DA:27,7
DA:28,7
DA:31,7
DA:32,4
DA:33,10
DA:34,10
DA:36,3
DA:37,0
DA:38,0
DA:39,0
DA:41,3
DA:42,3
DA:43,15
DA:44,15
DA:46,0
DA:47,0
DA:48,0
DA:49,0
DA:51,0
DA:52,0
DA:53,0
DA:56,7
DA:57,7
DA:58,7
DA:62,8
DA:63,8
DA:64,800
DA:65,8
DA:66,8
DA:69,8
DA:70,8
DA:71,8
DA:72,29
DA:73,8
DA:74,8
DA:75,1
DA:76,1
DA:78,8
DA:82,8
DA:86,2
DA:90,0
DA:91,0
DA:92,0
DA:93,0
DA:94,0
DA:95,0
DA:96,0
DA:97,0
DA:98,0
DA:100,0
DA:101,0
DA:102,0
DA:105,0
DA:106,0
DA:108,0
DA:109,0
DA:110,0
DA:111,0
DA:112,0
DA:113,0
DA:114,0
DA:115,0
DA:116,0
DA:121,0
DA:124,0
DA:125,0
DA:130,0
DA:131,0
DA:132,0
DA:133,0
DA:136,0
DA:140,0
DA:141,0
DA:142,0
DA:146,0
DA:147,0
DA:148,0
LF:88
LH:38
BRDA:31,0,0,4
BRDA:31,0,1,3
BRDA:31,1,0,7
BRDA:31,1,1,4
BRDA:36,2,0,0
BRDA:36,2,1,3
BRDA:36,3,0,3
BRDA:36,3,1,0
BRDA:41,4,0,3
BRDA:41,4,1,0
BRDA:41,5,0,3
BRDA:41,5,1,3
BRDA:46,6,0,0
BRDA:46,6,1,0
BRDA:46,7,0,0
BRDA:46,7,1,0
BRDA:51,8,0,0
BRDA:51,8,1,0
BRDA:51,9,0,0
BRDA:51,9,1,0
BRDA:64,10,0,8
BRDA:64,10,1,792
BRDA:64,11,0,800
BRDA:64,11,1,79
BRDA:72,12,0,8
BRDA:72,12,1,21
BRDA:72,13,0,29
BRDA:72,13,1,13
BRDA:74,14,0,1
BRDA:74,14,1,7
BRDA:86,15,0,1
BRDA:86,15,1,1
BRDA:97,16,0,0
BRDA:97,16,1,0
BRDA:97,17,0,0
BRDA:97,17,1,0
BRDA:100,18,0,0
BRDA:100,18,1,0
BRDA:108,19,0,0
BRDA:108,19,1,0
BRDA:115,20,0,0
BRDA:115,20,1,0
BRDA:115,21,0,0
BRDA:115,21,1,0
BRF:44
BRH:21
end_of_record
TN:
SF:src\modules\ship.js
FN:2,(anonymous_0)
FN:9,(anonymous_1)
FN:14,(anonymous_2)
FNF:3
FNH:3
FNDA:7,(anonymous_0)
FNDA:8,(anonymous_1)
FNDA:8,(anonymous_2)
DA:3,7
DA:4,7
DA:5,7
DA:6,7
DA:10,8
DA:11,8
DA:15,8
LF:7
LH:7
BRDA:2,0,0,0
BRDA:2,1,0,0
BRDA:2,2,0,7
BRDA:2,3,0,7
BRDA:15,4,0,1
BRDA:15,4,1,7
BRF:6
BRH:4
end_of_record
